                                      1 ;--------------------------------------------------------
                                      2 ; File Created by SDCC : free open source ISO C Compiler 
                                      3 ; Version 4.4.1 #14650 (MINGW64)
                                      4 ;--------------------------------------------------------
                                      5 	.module tetramino_graphic
                                      6 	.optsdcc -msm83
                                      7 	
                                      8 ;--------------------------------------------------------
                                      9 ; Public variables in this module
                                     10 ;--------------------------------------------------------
                                     11 	.globl _tetramino_graphic_tiles
                                     12 	.globl _tetramino_graphic_palettes
                                     13 ;--------------------------------------------------------
                                     14 ; special function registers
                                     15 ;--------------------------------------------------------
                                     16 ;--------------------------------------------------------
                                     17 ; ram data
                                     18 ;--------------------------------------------------------
                                     19 	.area _DATA
                                     20 ;--------------------------------------------------------
                                     21 ; ram data
                                     22 ;--------------------------------------------------------
                                     23 	.area _INITIALIZED
                                     24 ;--------------------------------------------------------
                                     25 ; absolute external ram data
                                     26 ;--------------------------------------------------------
                                     27 	.area _DABS (ABS)
                                     28 ;--------------------------------------------------------
                                     29 ; global & static initialisations
                                     30 ;--------------------------------------------------------
                                     31 	.area _HOME
                                     32 	.area _GSINIT
                                     33 	.area _GSFINAL
                                     34 	.area _GSINIT
                                     35 ;--------------------------------------------------------
                                     36 ; Home
                                     37 ;--------------------------------------------------------
                                     38 	.area _HOME
                                     39 	.area _HOME
                                     40 ;--------------------------------------------------------
                                     41 ; code
                                     42 ;--------------------------------------------------------
                                     43 	.area _CODE
                                     44 	.area _CODE
    00000000                         45 _tetramino_graphic_palettes:
    00000000 FF 7F                   46 	.dw #0x7fff
    00000002 3F 39                   47 	.dw #0x393f
    00000004 00 00                   48 	.dw #0x0000
    00000006 00 00                   49 	.dw #0x0000
    00000008                         50 _tetramino_graphic_tiles:
    00000008 FF                      51 	.db #0xff	; 255
    00000009 00                      52 	.db #0x00	; 0
    0000000A 81                      53 	.db #0x81	; 129
    0000000B 00                      54 	.db #0x00	; 0
    0000000C BD                      55 	.db #0xbd	; 189
    0000000D 00                      56 	.db #0x00	; 0
    0000000E A5                      57 	.db #0xa5	; 165
    0000000F 00                      58 	.db #0x00	; 0
    00000010 A5                      59 	.db #0xa5	; 165
    00000011 00                      60 	.db #0x00	; 0
    00000012 BD                      61 	.db #0xbd	; 189
    00000013 00                      62 	.db #0x00	; 0
    00000014 81                      63 	.db #0x81	; 129
    00000015 00                      64 	.db #0x00	; 0
    00000016 FF                      65 	.db #0xff	; 255
    00000017 00                      66 	.db #0x00	; 0
                                     67 	.area _INITIALIZER
                                     68 	.area _CABS (ABS)
